<?xml version="1.0" encoding="UTF-8"?>
<!-- Generated by org.testng.reporters.JUnitXMLReporter -->
<testsuite hostname="LAPTOP-2C0613A2" name="Test" tests="4" failures="0" timestamp="5 Jan 2022 19:23:45 GMT" time="32.308" errors="0">
  <testcase name="NavigatePage" time="6.748" classname="EndtoEndFrameWork.qaClickTest"/>
  <testcase name="NavigatePage" time="7.919" classname="EndtoEndFrameWork.qaClickTest"/>
  <testcase name="ValidateTitle" time="0.139" classname="EndtoEndFrameWork.validateTitleTest"/>
  <testcase name="ValidateNavigationBar" time="0.118" classname="EndtoEndFrameWork.validateNavigationBar"/>
</testsuite> <!-- Test -->
