<?xml version="1.0" encoding="UTF-8"?>
<!-- Generated by org.testng.reporters.JUnitXMLReporter -->
<testsuite hostname="LAPTOP-2C0613A2" name="Test1" tests="2" failures="2" timestamp="10 Jan 2022 07:07:17 GMT" time="0.063" errors="0">
  <testcase name="NavigatePage" time="0.02" classname="EndtoEndFrameWork.qaClickTest">
    <failure type="java.lang.NullPointerException">
      <![CDATA[java.lang.NullPointerException
	at resources.Base.initializeDriver(Base.java:39)
	at EndtoEndFrameWork.qaClickTest.NavigatePage(qaClickTest.java:30)
	at java.util.concurrent.FutureTask.run(Unknown Source)
	at java.util.concurrent.ThreadPoolExecutor.runWorker(Unknown Source)
	at java.util.concurrent.ThreadPoolExecutor$Worker.run(Unknown Source)
	at java.lang.Thread.run(Unknown Source)
... Removed 16 stack frames]]>
    </failure>
  </testcase> <!-- NavigatePage -->
  <testcase name="NavigatePage" time="0.041" classname="EndtoEndFrameWork.qaClickTest">
    <failure type="java.lang.NullPointerException">
      <![CDATA[java.lang.NullPointerException
	at resources.Base.getScreenshot(Base.java:61)
	at EndtoEndFrameWork.Listeners.onTestFailure(Listeners.java:58)
	at java.util.concurrent.FutureTask.run(Unknown Source)
	at java.util.concurrent.ThreadPoolExecutor.runWorker(Unknown Source)
	at java.util.concurrent.ThreadPoolExecutor$Worker.run(Unknown Source)
	at java.lang.Thread.run(Unknown Source)
... Removed 13 stack frames]]>
    </failure>
  </testcase> <!-- NavigatePage -->
</testsuite> <!-- Test1 -->
