<?xml version="1.0" encoding="UTF-8"?>
<!-- Generated by org.testng.reporters.JUnitXMLReporter -->
<testsuite hostname="LAPTOP-2C0613A2" ignored="0" name="Test1" tests="2" failures="2" timestamp="2022-01-10T12:39:15 IST" time="29.857" errors="0">
  <testcase name="NavigatePage" time="20.059" classname="EndtoEndFrameWork.qaClickTest">
    <failure type="java.sql.SQLException" message="No suitable driver found for jdbc:mysql://localhost:3306/automation">
      <![CDATA[java.sql.SQLException: No suitable driver found for jdbc:mysql://localhost:3306/automation
at java.sql.DriverManager.getConnection(DriverManager.java:689)
at java.sql.DriverManager.getConnection(DriverManager.java:247)
at resources.Base.getMySqlData(Base.java:73)
at EndtoEndFrameWork.qaClickTest.NavigatePage(qaClickTest.java:43)
at java.util.ArrayList.forEach(ArrayList.java:1259)
at java.util.concurrent.FutureTask.run(FutureTask.java:266)
at java.util.concurrent.ThreadPoolExecutor.runWorker(ThreadPoolExecutor.java:1149)
at java.util.concurrent.ThreadPoolExecutor$Worker.run(ThreadPoolExecutor.java:624)
at java.lang.Thread.run(Thread.java:748)
... Removed 18 stack frames]]>
    </failure>
  </testcase> <!-- NavigatePage -->
  <testcase name="NavigatePage" time="8.792" classname="EndtoEndFrameWork.qaClickTest">
    <failure type="java.sql.SQLException" message="No suitable driver found for jdbc:mysql://localhost:3306/automation">
      <![CDATA[java.sql.SQLException: No suitable driver found for jdbc:mysql://localhost:3306/automation
at java.sql.DriverManager.getConnection(DriverManager.java:689)
at java.sql.DriverManager.getConnection(DriverManager.java:247)
at resources.Base.getMySqlData(Base.java:73)
at EndtoEndFrameWork.qaClickTest.NavigatePage(qaClickTest.java:43)
at java.util.ArrayList.forEach(ArrayList.java:1259)
at java.util.concurrent.FutureTask.run(FutureTask.java:266)
at java.util.concurrent.ThreadPoolExecutor.runWorker(ThreadPoolExecutor.java:1149)
at java.util.concurrent.ThreadPoolExecutor$Worker.run(ThreadPoolExecutor.java:624)
at java.lang.Thread.run(Thread.java:748)
... Removed 18 stack frames]]>
    </failure>
  </testcase> <!-- NavigatePage -->
</testsuite> <!-- Test1 -->
