<?xml version="1.0" encoding="UTF-8"?>
<!-- Generated by org.testng.reporters.JUnitXMLReporter -->
<testsuite hostname="LAPTOP-2C0613A2" ignored="0" name="Test" tests="4" failures="0" timestamp="2022-01-06T01:49:17 IST" time="33.727" errors="0">
  <testcase name="NavigatePage" time="9.309" classname="EndtoEndFrameWork.qaClickTest"/>
  <testcase name="NavigatePage" time="8.977" classname="EndtoEndFrameWork.qaClickTest"/>
  <testcase name="ValidateTitle" time="0.079" classname="EndtoEndFrameWork.validateTitleTest"/>
  <testcase name="ValidateNavigationBar" time="0.144" classname="EndtoEndFrameWork.validateNavigationBar"/>
</testsuite> <!-- Test -->
